{"C:\\Users\\rttda\\Documents\\Frontend\\GitHub\\fani\\common\\tools.js": {"path":"C:\\Users\\rttda\\Documents\\Frontend\\GitHub\\fani\\common\\tools.js","statementMap":{"0":{"start":{"line":5,"column":17},"end":{"line":29,"column":1}},"1":{"start":{"line":33,"column":4},"end":{"line":35,"column":7}},"2":{"start":{"line":34,"column":6},"end":{"line":34,"column":30}},"3":{"start":{"line":39,"column":4},"end":{"line":61,"column":5}},"4":{"start":{"line":40,"column":22},"end":{"line":40,"column":67}},"5":{"start":{"line":42,"column":6},"end":{"line":55,"column":7}},"6":{"start":{"line":43,"column":33},"end":{"line":43,"column":62}},"7":{"start":{"line":44,"column":8},"end":{"line":49,"column":9}},"8":{"start":{"line":45,"column":23},"end":{"line":45,"column":40}},"9":{"start":{"line":46,"column":10},"end":{"line":48,"column":11}},"10":{"start":{"line":47,"column":12},"end":{"line":47,"column":79}},"11":{"start":{"line":51,"column":8},"end":{"line":51,"column":52}},"12":{"start":{"line":54,"column":8},"end":{"line":54,"column":43}},"13":{"start":{"line":57,"column":6},"end":{"line":57,"column":43}},"14":{"start":{"line":60,"column":6},"end":{"line":60,"column":25}},"15":{"start":{"line":63,"column":4},"end":{"line":63,"column":16}},"16":{"start":{"line":67,"column":4},"end":{"line":67,"column":26}},"17":{"start":{"line":71,"column":4},"end":{"line":77,"column":26}},"18":{"start":{"line":72,"column":6},"end":{"line":72,"column":63}},"19":{"start":{"line":74,"column":9},"end":{"line":77,"column":26}},"20":{"start":{"line":75,"column":6},"end":{"line":75,"column":28}},"21":{"start":{"line":77,"column":9},"end":{"line":77,"column":26}},"22":{"start":{"line":81,"column":4},"end":{"line":81,"column":32}},"23":{"start":{"line":85,"column":4},"end":{"line":91,"column":26}},"24":{"start":{"line":86,"column":6},"end":{"line":86,"column":27}},"25":{"start":{"line":88,"column":9},"end":{"line":91,"column":26}},"26":{"start":{"line":89,"column":6},"end":{"line":89,"column":28}},"27":{"start":{"line":91,"column":9},"end":{"line":91,"column":26}},"28":{"start":{"line":95,"column":4},"end":{"line":98,"column":26}},"29":{"start":{"line":96,"column":6},"end":{"line":96,"column":28}},"30":{"start":{"line":98,"column":9},"end":{"line":98,"column":26}},"31":{"start":{"line":102,"column":14},"end":{"line":102,"column":31}},"32":{"start":{"line":103,"column":4},"end":{"line":108,"column":5}},"33":{"start":{"line":104,"column":6},"end":{"line":104,"column":54}},"34":{"start":{"line":106,"column":9},"end":{"line":108,"column":5}},"35":{"start":{"line":107,"column":6},"end":{"line":107,"column":54}},"36":{"start":{"line":110,"column":4},"end":{"line":110,"column":15}},"37":{"start":{"line":114,"column":20},"end":{"line":120,"column":1}},"38":{"start":{"line":115,"column":15},"end":{"line":115,"column":28}},"39":{"start":{"line":116,"column":2},"end":{"line":118,"column":3}},"40":{"start":{"line":117,"column":4},"end":{"line":117,"column":22}},"41":{"start":{"line":119,"column":2},"end":{"line":119,"column":16}},"42":{"start":{"line":122,"column":18},"end":{"line":209,"column":1}},"43":{"start":{"line":123,"column":24},"end":{"line":123,"column":57}},"44":{"start":{"line":124,"column":24},"end":{"line":124,"column":68}},"45":{"start":{"line":125,"column":24},"end":{"line":125,"column":51}},"46":{"start":{"line":126,"column":24},"end":{"line":126,"column":51}},"47":{"start":{"line":127,"column":24},"end":{"line":127,"column":52}},"48":{"start":{"line":128,"column":24},"end":{"line":128,"column":67}},"49":{"start":{"line":129,"column":24},"end":{"line":129,"column":47}},"50":{"start":{"line":135,"column":2},"end":{"line":158,"column":3}},"51":{"start":{"line":136,"column":4},"end":{"line":136,"column":36}},"52":{"start":{"line":139,"column":18},"end":{"line":139,"column":50}},"53":{"start":{"line":140,"column":4},"end":{"line":142,"column":5}},"54":{"start":{"line":141,"column":6},"end":{"line":141,"column":55}},"55":{"start":{"line":145,"column":7},"end":{"line":158,"column":3}},"56":{"start":{"line":150,"column":4},"end":{"line":150,"column":21}},"57":{"start":{"line":151,"column":4},"end":{"line":151,"column":49}},"58":{"start":{"line":154,"column":18},"end":{"line":154,"column":50}},"59":{"start":{"line":155,"column":4},"end":{"line":157,"column":5}},"60":{"start":{"line":156,"column":6},"end":{"line":156,"column":55}},"61":{"start":{"line":161,"column":14},"end":{"line":161,"column":19}},"62":{"start":{"line":162,"column":2},"end":{"line":175,"column":3}},"63":{"start":{"line":163,"column":29},"end":{"line":163,"column":83}},"64":{"start":{"line":164,"column":21},"end":{"line":164,"column":71}},"65":{"start":{"line":165,"column":26},"end":{"line":165,"column":100}},"66":{"start":{"line":167,"column":4},"end":{"line":174,"column":5}},"67":{"start":{"line":168,"column":6},"end":{"line":168,"column":57}},"68":{"start":{"line":169,"column":6},"end":{"line":169,"column":57}},"69":{"start":{"line":170,"column":6},"end":{"line":170,"column":57}},"70":{"start":{"line":172,"column":6},"end":{"line":172,"column":19}},"71":{"start":{"line":173,"column":6},"end":{"line":173,"column":12}},"72":{"start":{"line":178,"column":2},"end":{"line":185,"column":3}},"73":{"start":{"line":179,"column":22},"end":{"line":179,"column":40}},"74":{"start":{"line":180,"column":4},"end":{"line":180,"column":28}},"75":{"start":{"line":182,"column":4},"end":{"line":182,"column":32}},"76":{"start":{"line":183,"column":4},"end":{"line":183,"column":39}},"77":{"start":{"line":184,"column":4},"end":{"line":184,"column":39}},"78":{"start":{"line":188,"column":17},"end":{"line":188,"column":42}},"79":{"start":{"line":189,"column":2},"end":{"line":189,"column":41}},"80":{"start":{"line":190,"column":2},"end":{"line":190,"column":42}},"81":{"start":{"line":191,"column":2},"end":{"line":191,"column":43}},"82":{"start":{"line":193,"column":2},"end":{"line":208,"column":4}},"83":{"start":{"line":211,"column":24},"end":{"line":218,"column":1}},"84":{"start":{"line":212,"column":2},"end":{"line":216,"column":3}},"85":{"start":{"line":213,"column":4},"end":{"line":215,"column":5}},"86":{"start":{"line":214,"column":6},"end":{"line":214,"column":18}},"87":{"start":{"line":217,"column":2},"end":{"line":217,"column":15}},"88":{"start":{"line":226,"column":4},"end":{"line":228,"column":5}},"89":{"start":{"line":227,"column":6},"end":{"line":227,"column":41}},"90":{"start":{"line":230,"column":23},"end":{"line":230,"column":49}},"91":{"start":{"line":232,"column":22},"end":{"line":232,"column":24}},"92":{"start":{"line":233,"column":4},"end":{"line":241,"column":5}},"93":{"start":{"line":234,"column":6},"end":{"line":236,"column":7}},"94":{"start":{"line":235,"column":8},"end":{"line":235,"column":17}},"95":{"start":{"line":238,"column":17},"end":{"line":238,"column":82}},"96":{"start":{"line":239,"column":6},"end":{"line":239,"column":32}},"97":{"start":{"line":240,"column":6},"end":{"line":240,"column":29}},"98":{"start":{"line":243,"column":4},"end":{"line":243,"column":23}},"99":{"start":{"line":247,"column":12},"end":{"line":247,"column":54}},"100":{"start":{"line":247,"column":17},"end":{"line":247,"column":54}},"101":{"start":{"line":248,"column":4},"end":{"line":260,"column":7}},"102":{"start":{"line":249,"column":16},"end":{"line":249,"column":71}},"103":{"start":{"line":250,"column":16},"end":{"line":250,"column":71}},"104":{"start":{"line":252,"column":16},"end":{"line":252,"column":17}},"105":{"start":{"line":253,"column":6},"end":{"line":258,"column":7}},"106":{"start":{"line":253,"column":19},"end":{"line":253,"column":20}},"107":{"start":{"line":254,"column":8},"end":{"line":254,"column":32}},"108":{"start":{"line":255,"column":8},"end":{"line":257,"column":9}},"109":{"start":{"line":256,"column":10},"end":{"line":256,"column":16}},"110":{"start":{"line":259,"column":6},"end":{"line":259,"column":17}},"111":{"start":{"line":264,"column":25},"end":{"line":264,"column":51}},"112":{"start":{"line":266,"column":15},"end":{"line":266,"column":61}},"113":{"start":{"line":267,"column":4},"end":{"line":267,"column":30}},"114":{"start":{"line":268,"column":4},"end":{"line":268,"column":16}}},"fnMap":{"0":{"name":"(anonymous_0)","decl":{"start":{"line":32,"column":2},"end":{"line":32,"column":3}},"loc":{"start":{"line":32,"column":27},"end":{"line":36,"column":3}},"line":32},"1":{"name":"(anonymous_1)","decl":{"start":{"line":33,"column":32},"end":{"line":33,"column":33}},"loc":{"start":{"line":33,"column":39},"end":{"line":35,"column":5}},"line":33},"2":{"name":"(anonymous_2)","decl":{"start":{"line":38,"column":2},"end":{"line":38,"column":3}},"loc":{"start":{"line":38,"column":23},"end":{"line":64,"column":3}},"line":38},"3":{"name":"(anonymous_3)","decl":{"start":{"line":66,"column":2},"end":{"line":66,"column":3}},"loc":{"start":{"line":66,"column":18},"end":{"line":68,"column":3}},"line":66},"4":{"name":"(anonymous_4)","decl":{"start":{"line":70,"column":2},"end":{"line":70,"column":3}},"loc":{"start":{"line":70,"column":13},"end":{"line":78,"column":3}},"line":70},"5":{"name":"(anonymous_5)","decl":{"start":{"line":80,"column":2},"end":{"line":80,"column":3}},"loc":{"start":{"line":80,"column":18},"end":{"line":82,"column":3}},"line":80},"6":{"name":"(anonymous_6)","decl":{"start":{"line":84,"column":2},"end":{"line":84,"column":3}},"loc":{"start":{"line":84,"column":16},"end":{"line":92,"column":3}},"line":84},"7":{"name":"(anonymous_7)","decl":{"start":{"line":94,"column":2},"end":{"line":94,"column":3}},"loc":{"start":{"line":94,"column":20},"end":{"line":99,"column":3}},"line":94},"8":{"name":"(anonymous_8)","decl":{"start":{"line":101,"column":2},"end":{"line":101,"column":3}},"loc":{"start":{"line":101,"column":37},"end":{"line":111,"column":3}},"line":101},"9":{"name":"(anonymous_9)","decl":{"start":{"line":114,"column":20},"end":{"line":114,"column":21}},"loc":{"start":{"line":114,"column":45},"end":{"line":120,"column":1}},"line":114},"10":{"name":"(anonymous_10)","decl":{"start":{"line":122,"column":18},"end":{"line":122,"column":19}},"loc":{"start":{"line":122,"column":26},"end":{"line":209,"column":1}},"line":122},"11":{"name":"(anonymous_11)","decl":{"start":{"line":211,"column":24},"end":{"line":211,"column":25}},"loc":{"start":{"line":211,"column":32},"end":{"line":218,"column":1}},"line":211},"12":{"name":"(anonymous_12)","decl":{"start":{"line":225,"column":2},"end":{"line":225,"column":3}},"loc":{"start":{"line":225,"column":36},"end":{"line":244,"column":3}},"line":225},"13":{"name":"(anonymous_13)","decl":{"start":{"line":246,"column":2},"end":{"line":246,"column":3}},"loc":{"start":{"line":246,"column":21},"end":{"line":261,"column":3}},"line":246},"14":{"name":"(anonymous_14)","decl":{"start":{"line":247,"column":12},"end":{"line":247,"column":13}},"loc":{"start":{"line":247,"column":17},"end":{"line":247,"column":54}},"line":247},"15":{"name":"(anonymous_15)","decl":{"start":{"line":248,"column":22},"end":{"line":248,"column":23}},"loc":{"start":{"line":248,"column":32},"end":{"line":260,"column":5}},"line":248},"16":{"name":"(anonymous_16)","decl":{"start":{"line":263,"column":2},"end":{"line":263,"column":3}},"loc":{"start":{"line":263,"column":45},"end":{"line":269,"column":3}},"line":263}},"branchMap":{"0":{"loc":{"start":{"line":32,"column":14},"end":{"line":32,"column":25}},"type":"default-arg","locations":[{"start":{"line":32,"column":23},"end":{"line":32,"column":25}}],"line":32},"1":{"loc":{"start":{"line":39,"column":4},"end":{"line":61,"column":5}},"type":"if","locations":[{"start":{"line":39,"column":4},"end":{"line":61,"column":5}},{"start":{"line":39,"column":4},"end":{"line":61,"column":5}}],"line":39},"2":{"loc":{"start":{"line":40,"column":22},"end":{"line":40,"column":67}},"type":"binary-expr","locations":[{"start":{"line":40,"column":22},"end":{"line":40,"column":40}},{"start":{"line":40,"column":44},"end":{"line":40,"column":67}}],"line":40},"3":{"loc":{"start":{"line":42,"column":6},"end":{"line":55,"column":7}},"type":"if","locations":[{"start":{"line":42,"column":6},"end":{"line":55,"column":7}},{"start":{"line":42,"column":6},"end":{"line":55,"column":7}}],"line":42},"4":{"loc":{"start":{"line":44,"column":8},"end":{"line":49,"column":9}},"type":"if","locations":[{"start":{"line":44,"column":8},"end":{"line":49,"column":9}},{"start":{"line":44,"column":8},"end":{"line":49,"column":9}}],"line":44},"5":{"loc":{"start":{"line":46,"column":10},"end":{"line":48,"column":11}},"type":"if","locations":[{"start":{"line":46,"column":10},"end":{"line":48,"column":11}},{"start":{"line":46,"column":10},"end":{"line":48,"column":11}}],"line":46},"6":{"loc":{"start":{"line":46,"column":14},"end":{"line":46,"column":102}},"type":"binary-expr","locations":[{"start":{"line":46,"column":14},"end":{"line":46,"column":53}},{"start":{"line":46,"column":57},"end":{"line":46,"column":102}}],"line":46},"7":{"loc":{"start":{"line":71,"column":4},"end":{"line":77,"column":26}},"type":"if","locations":[{"start":{"line":71,"column":4},"end":{"line":77,"column":26}},{"start":{"line":71,"column":4},"end":{"line":77,"column":26}}],"line":71},"8":{"loc":{"start":{"line":74,"column":9},"end":{"line":77,"column":26}},"type":"if","locations":[{"start":{"line":74,"column":9},"end":{"line":77,"column":26}},{"start":{"line":74,"column":9},"end":{"line":77,"column":26}}],"line":74},"9":{"loc":{"start":{"line":85,"column":4},"end":{"line":91,"column":26}},"type":"if","locations":[{"start":{"line":85,"column":4},"end":{"line":91,"column":26}},{"start":{"line":85,"column":4},"end":{"line":91,"column":26}}],"line":85},"10":{"loc":{"start":{"line":88,"column":9},"end":{"line":91,"column":26}},"type":"if","locations":[{"start":{"line":88,"column":9},"end":{"line":91,"column":26}},{"start":{"line":88,"column":9},"end":{"line":91,"column":26}}],"line":88},"11":{"loc":{"start":{"line":95,"column":4},"end":{"line":98,"column":26}},"type":"if","locations":[{"start":{"line":95,"column":4},"end":{"line":98,"column":26}},{"start":{"line":95,"column":4},"end":{"line":98,"column":26}}],"line":95},"12":{"loc":{"start":{"line":101,"column":11},"end":{"line":101,"column":35}},"type":"default-arg","locations":[{"start":{"line":101,"column":21},"end":{"line":101,"column":35}}],"line":101},"13":{"loc":{"start":{"line":103,"column":4},"end":{"line":108,"column":5}},"type":"if","locations":[{"start":{"line":103,"column":4},"end":{"line":108,"column":5}},{"start":{"line":103,"column":4},"end":{"line":108,"column":5}}],"line":103},"14":{"loc":{"start":{"line":103,"column":8},"end":{"line":103,"column":56}},"type":"binary-expr","locations":[{"start":{"line":103,"column":8},"end":{"line":103,"column":23}},{"start":{"line":103,"column":27},"end":{"line":103,"column":40}},{"start":{"line":103,"column":44},"end":{"line":103,"column":56}}],"line":103},"15":{"loc":{"start":{"line":104,"column":30},"end":{"line":104,"column":52}},"type":"cond-expr","locations":[{"start":{"line":104,"column":36},"end":{"line":104,"column":47}},{"start":{"line":104,"column":50},"end":{"line":104,"column":52}}],"line":104},"16":{"loc":{"start":{"line":106,"column":9},"end":{"line":108,"column":5}},"type":"if","locations":[{"start":{"line":106,"column":9},"end":{"line":108,"column":5}},{"start":{"line":106,"column":9},"end":{"line":108,"column":5}}],"line":106},"17":{"loc":{"start":{"line":107,"column":31},"end":{"line":107,"column":52}},"type":"cond-expr","locations":[{"start":{"line":107,"column":37},"end":{"line":107,"column":47}},{"start":{"line":107,"column":50},"end":{"line":107,"column":52}}],"line":107},"18":{"loc":{"start":{"line":114,"column":28},"end":{"line":114,"column":40}},"type":"default-arg","locations":[{"start":{"line":114,"column":39},"end":{"line":114,"column":40}}],"line":114},"19":{"loc":{"start":{"line":116,"column":2},"end":{"line":118,"column":3}},"type":"if","locations":[{"start":{"line":116,"column":2},"end":{"line":118,"column":3}},{"start":{"line":116,"column":2},"end":{"line":118,"column":3}}],"line":116},"20":{"loc":{"start":{"line":124,"column":36},"end":{"line":124,"column":67}},"type":"binary-expr","locations":[{"start":{"line":124,"column":36},"end":{"line":124,"column":46}},{"start":{"line":124,"column":50},"end":{"line":124,"column":67}}],"line":124},"21":{"loc":{"start":{"line":128,"column":36},"end":{"line":128,"column":66}},"type":"binary-expr","locations":[{"start":{"line":128,"column":36},"end":{"line":128,"column":50}},{"start":{"line":128,"column":54},"end":{"line":128,"column":66}}],"line":128},"22":{"loc":{"start":{"line":135,"column":2},"end":{"line":158,"column":3}},"type":"if","locations":[{"start":{"line":135,"column":2},"end":{"line":158,"column":3}},{"start":{"line":135,"column":2},"end":{"line":158,"column":3}}],"line":135},"23":{"loc":{"start":{"line":140,"column":4},"end":{"line":142,"column":5}},"type":"if","locations":[{"start":{"line":140,"column":4},"end":{"line":142,"column":5}},{"start":{"line":140,"column":4},"end":{"line":142,"column":5}}],"line":140},"24":{"loc":{"start":{"line":145,"column":7},"end":{"line":158,"column":3}},"type":"if","locations":[{"start":{"line":145,"column":7},"end":{"line":158,"column":3}},{"start":{"line":145,"column":7},"end":{"line":158,"column":3}}],"line":145},"25":{"loc":{"start":{"line":155,"column":4},"end":{"line":157,"column":5}},"type":"if","locations":[{"start":{"line":155,"column":4},"end":{"line":157,"column":5}},{"start":{"line":155,"column":4},"end":{"line":157,"column":5}}],"line":155},"26":{"loc":{"start":{"line":163,"column":29},"end":{"line":163,"column":83}},"type":"cond-expr","locations":[{"start":{"line":163,"column":70},"end":{"line":163,"column":71}},{"start":{"line":163,"column":74},"end":{"line":163,"column":83}}],"line":163},"27":{"loc":{"start":{"line":163,"column":29},"end":{"line":163,"column":67}},"type":"binary-expr","locations":[{"start":{"line":163,"column":29},"end":{"line":163,"column":48}},{"start":{"line":163,"column":52},"end":{"line":163,"column":67}}],"line":163},"28":{"loc":{"start":{"line":167,"column":4},"end":{"line":174,"column":5}},"type":"if","locations":[{"start":{"line":167,"column":4},"end":{"line":174,"column":5}},{"start":{"line":167,"column":4},"end":{"line":174,"column":5}}],"line":167},"29":{"loc":{"start":{"line":178,"column":2},"end":{"line":185,"column":3}},"type":"if","locations":[{"start":{"line":178,"column":2},"end":{"line":185,"column":3}},{"start":{"line":178,"column":2},"end":{"line":185,"column":3}}],"line":178},"30":{"loc":{"start":{"line":196,"column":15},"end":{"line":196,"column":42}},"type":"binary-expr","locations":[{"start":{"line":196,"column":15},"end":{"line":196,"column":28}},{"start":{"line":196,"column":33},"end":{"line":196,"column":42}}],"line":196},"31":{"loc":{"start":{"line":212,"column":2},"end":{"line":216,"column":3}},"type":"if","locations":[{"start":{"line":212,"column":2},"end":{"line":216,"column":3}},{"start":{"line":212,"column":2},"end":{"line":216,"column":3}}],"line":212},"32":{"loc":{"start":{"line":213,"column":4},"end":{"line":215,"column":5}},"type":"if","locations":[{"start":{"line":213,"column":4},"end":{"line":215,"column":5}},{"start":{"line":213,"column":4},"end":{"line":215,"column":5}}],"line":213},"33":{"loc":{"start":{"line":213,"column":8},"end":{"line":213,"column":39}},"type":"binary-expr","locations":[{"start":{"line":213,"column":8},"end":{"line":213,"column":23}},{"start":{"line":213,"column":27},"end":{"line":213,"column":39}}],"line":213},"34":{"loc":{"start":{"line":225,"column":22},"end":{"line":225,"column":34}},"type":"default-arg","locations":[{"start":{"line":225,"column":32},"end":{"line":225,"column":34}}],"line":225},"35":{"loc":{"start":{"line":226,"column":4},"end":{"line":228,"column":5}},"type":"if","locations":[{"start":{"line":226,"column":4},"end":{"line":228,"column":5}},{"start":{"line":226,"column":4},"end":{"line":228,"column":5}}],"line":226},"36":{"loc":{"start":{"line":226,"column":8},"end":{"line":226,"column":36}},"type":"binary-expr","locations":[{"start":{"line":226,"column":8},"end":{"line":226,"column":14}},{"start":{"line":226,"column":18},"end":{"line":226,"column":36}}],"line":226},"37":{"loc":{"start":{"line":230,"column":23},"end":{"line":230,"column":49}},"type":"binary-expr","locations":[{"start":{"line":230,"column":23},"end":{"line":230,"column":43}},{"start":{"line":230,"column":47},"end":{"line":230,"column":49}}],"line":230},"38":{"loc":{"start":{"line":234,"column":6},"end":{"line":236,"column":7}},"type":"if","locations":[{"start":{"line":234,"column":6},"end":{"line":236,"column":7}},{"start":{"line":234,"column":6},"end":{"line":236,"column":7}}],"line":234},"39":{"loc":{"start":{"line":247,"column":17},"end":{"line":247,"column":54}},"type":"cond-expr","locations":[{"start":{"line":247,"column":26},"end":{"line":247,"column":36}},{"start":{"line":247,"column":39},"end":{"line":247,"column":54}}],"line":247},"40":{"loc":{"start":{"line":255,"column":8},"end":{"line":257,"column":9}},"type":"if","locations":[{"start":{"line":255,"column":8},"end":{"line":257,"column":9}},{"start":{"line":255,"column":8},"end":{"line":257,"column":9}}],"line":255},"41":{"loc":{"start":{"line":263,"column":16},"end":{"line":263,"column":29}},"type":"default-arg","locations":[{"start":{"line":263,"column":27},"end":{"line":263,"column":29}}],"line":263},"42":{"loc":{"start":{"line":263,"column":31},"end":{"line":263,"column":43}},"type":"default-arg","locations":[{"start":{"line":263,"column":41},"end":{"line":263,"column":43}}],"line":263},"43":{"loc":{"start":{"line":264,"column":25},"end":{"line":264,"column":51}},"type":"binary-expr","locations":[{"start":{"line":264,"column":25},"end":{"line":264,"column":45}},{"start":{"line":264,"column":49},"end":{"line":264,"column":51}}],"line":264}},"s":{"0":1,"1":0,"2":0,"3":0,"4":0,"5":0,"6":0,"7":0,"8":0,"9":0,"10":0,"11":0,"12":0,"13":0,"14":0,"15":0,"16":0,"17":0,"18":0,"19":0,"20":0,"21":0,"22":0,"23":0,"24":0,"25":0,"26":0,"27":0,"28":0,"29":0,"30":0,"31":0,"32":0,"33":0,"34":0,"35":0,"36":0,"37":1,"38":0,"39":0,"40":0,"41":0,"42":1,"43":0,"44":0,"45":0,"46":0,"47":0,"48":0,"49":0,"50":0,"51":0,"52":0,"53":0,"54":0,"55":0,"56":0,"57":0,"58":0,"59":0,"60":0,"61":0,"62":0,"63":0,"64":0,"65":0,"66":0,"67":0,"68":0,"69":0,"70":0,"71":0,"72":0,"73":0,"74":0,"75":0,"76":0,"77":0,"78":0,"79":0,"80":0,"81":0,"82":0,"83":1,"84":0,"85":0,"86":0,"87":0,"88":0,"89":0,"90":0,"91":0,"92":0,"93":0,"94":0,"95":0,"96":0,"97":0,"98":0,"99":0,"100":0,"101":0,"102":0,"103":0,"104":0,"105":0,"106":0,"107":0,"108":0,"109":0,"110":0,"111":0,"112":0,"113":0,"114":0},"f":{"0":0,"1":0,"2":0,"3":0,"4":0,"5":0,"6":0,"7":0,"8":0,"9":0,"10":0,"11":0,"12":0,"13":0,"14":0,"15":0,"16":0},"b":{"0":[0],"1":[0,0],"2":[0,0],"3":[0,0],"4":[0,0],"5":[0,0],"6":[0,0],"7":[0,0],"8":[0,0],"9":[0,0],"10":[0,0],"11":[0,0],"12":[0],"13":[0,0],"14":[0,0,0],"15":[0,0],"16":[0,0],"17":[0,0],"18":[0],"19":[0,0],"20":[0,0],"21":[0,0],"22":[0,0],"23":[0,0],"24":[0,0],"25":[0,0],"26":[0,0],"27":[0,0],"28":[0,0],"29":[0,0],"30":[0,0],"31":[0,0],"32":[0,0],"33":[0,0],"34":[0],"35":[0,0],"36":[0,0],"37":[0,0],"38":[0,0],"39":[0,0],"40":[0,0],"41":[0],"42":[0],"43":[0,0]},"_coverageSchema":"1a1c01bbd47fc00a2c39e90264f33305004495a9","hash":"d3622871fe5bb75a006352f77197335314851952"}
,"C:\\Users\\rttda\\Documents\\Frontend\\GitHub\\fani\\common\\utils\\fraction-length.js": {"path":"C:\\Users\\rttda\\Documents\\Frontend\\GitHub\\fani\\common\\utils\\fraction-length.js","statementMap":{"0":{"start":{"line":5,"column":16},"end":{"line":5,"column":46}},"1":{"start":{"line":6,"column":2},"end":{"line":6,"column":46}}},"fnMap":{"0":{"name":"fractionLength","decl":{"start":{"line":4,"column":24},"end":{"line":4,"column":38}},"loc":{"start":{"line":4,"column":47},"end":{"line":7,"column":1}},"line":4}},"branchMap":{"0":{"loc":{"start":{"line":6,"column":9},"end":{"line":6,"column":45}},"type":"cond-expr","locations":[{"start":{"line":6,"column":17},"end":{"line":6,"column":41}},{"start":{"line":6,"column":44},"end":{"line":6,"column":45}}],"line":6}},"s":{"0":0,"1":0},"f":{"0":0},"b":{"0":[0,0]},"_coverageSchema":"1a1c01bbd47fc00a2c39e90264f33305004495a9","hash":"e9283d2f09e2d587356cf86337fdcddb703fe185"}
,"C:\\Users\\rttda\\Documents\\Frontend\\GitHub\\fani\\common\\utils\\round-up.js": {"path":"C:\\Users\\rttda\\Documents\\Frontend\\GitHub\\fani\\common\\utils\\round-up.js","statementMap":{"0":{"start":{"line":6,"column":2},"end":{"line":8,"column":3}},"1":{"start":{"line":7,"column":4},"end":{"line":7,"column":47}},"2":{"start":{"line":9,"column":2},"end":{"line":9,"column":70}}},"fnMap":{"0":{"name":"roundUp","decl":{"start":{"line":5,"column":24},"end":{"line":5,"column":31}},"loc":{"start":{"line":5,"column":39},"end":{"line":10,"column":1}},"line":5}},"branchMap":{"0":{"loc":{"start":{"line":6,"column":2},"end":{"line":8,"column":3}},"type":"if","locations":[{"start":{"line":6,"column":2},"end":{"line":8,"column":3}},{"start":{"line":6,"column":2},"end":{"line":8,"column":3}}],"line":6},"1":{"loc":{"start":{"line":9,"column":9},"end":{"line":9,"column":69}},"type":"cond-expr","locations":[{"start":{"line":9,"column":29},"end":{"line":9,"column":34}},{"start":{"line":9,"column":37},"end":{"line":9,"column":69}}],"line":9}},"s":{"0":12,"1":6,"2":6},"f":{"0":12},"b":{"0":[6,6],"1":[2,4]},"_coverageSchema":"1a1c01bbd47fc00a2c39e90264f33305004495a9","hash":"f77a50263446eb490c15acb6be1ccfc92a368031"}
}
