TN:
SF:tools.js
FN:32,(anonymous_0)
FN:33,(anonymous_1)
FN:38,(anonymous_2)
FN:66,(anonymous_3)
FN:70,(anonymous_4)
FN:80,(anonymous_5)
FN:84,(anonymous_6)
FN:94,(anonymous_7)
FN:101,(anonymous_8)
FN:114,(anonymous_9)
FN:122,(anonymous_10)
FN:211,(anonymous_11)
FN:225,(anonymous_12)
FN:246,(anonymous_13)
FN:247,(anonymous_14)
FN:248,(anonymous_15)
FN:263,(anonymous_16)
FNF:17
FNH:0
FNDA:0,(anonymous_0)
FNDA:0,(anonymous_1)
FNDA:0,(anonymous_2)
FNDA:0,(anonymous_3)
FNDA:0,(anonymous_4)
FNDA:0,(anonymous_5)
FNDA:0,(anonymous_6)
FNDA:0,(anonymous_7)
FNDA:0,(anonymous_8)
FNDA:0,(anonymous_9)
FNDA:0,(anonymous_10)
FNDA:0,(anonymous_11)
FNDA:0,(anonymous_12)
FNDA:0,(anonymous_13)
FNDA:0,(anonymous_14)
FNDA:0,(anonymous_15)
FNDA:0,(anonymous_16)
DA:5,1
DA:33,0
DA:34,0
DA:39,0
DA:40,0
DA:42,0
DA:43,0
DA:44,0
DA:45,0
DA:46,0
DA:47,0
DA:51,0
DA:54,0
DA:57,0
DA:60,0
DA:63,0
DA:67,0
DA:71,0
DA:72,0
DA:74,0
DA:75,0
DA:77,0
DA:81,0
DA:85,0
DA:86,0
DA:88,0
DA:89,0
DA:91,0
DA:95,0
DA:96,0
DA:98,0
DA:102,0
DA:103,0
DA:104,0
DA:106,0
DA:107,0
DA:110,0
DA:114,1
DA:115,0
DA:116,0
DA:117,0
DA:119,0
DA:122,1
DA:123,0
DA:124,0
DA:125,0
DA:126,0
DA:127,0
DA:128,0
DA:129,0
DA:135,0
DA:136,0
DA:139,0
DA:140,0
DA:141,0
DA:145,0
DA:150,0
DA:151,0
DA:154,0
DA:155,0
DA:156,0
DA:161,0
DA:162,0
DA:163,0
DA:164,0
DA:165,0
DA:167,0
DA:168,0
DA:169,0
DA:170,0
DA:172,0
DA:173,0
DA:178,0
DA:179,0
DA:180,0
DA:182,0
DA:183,0
DA:184,0
DA:188,0
DA:189,0
DA:190,0
DA:191,0
DA:193,0
DA:211,1
DA:212,0
DA:213,0
DA:214,0
DA:217,0
DA:226,0
DA:227,0
DA:230,0
DA:232,0
DA:233,0
DA:234,0
DA:235,0
DA:238,0
DA:239,0
DA:240,0
DA:243,0
DA:247,0
DA:248,0
DA:249,0
DA:250,0
DA:252,0
DA:253,0
DA:254,0
DA:255,0
DA:256,0
DA:259,0
DA:264,0
DA:266,0
DA:267,0
DA:268,0
LF:113
LH:4
BRDA:32,0,0,0
BRDA:39,1,0,0
BRDA:39,1,1,0
BRDA:40,2,0,0
BRDA:40,2,1,0
BRDA:42,3,0,0
BRDA:42,3,1,0
BRDA:44,4,0,0
BRDA:44,4,1,0
BRDA:46,5,0,0
BRDA:46,5,1,0
BRDA:46,6,0,0
BRDA:46,6,1,0
BRDA:71,7,0,0
BRDA:71,7,1,0
BRDA:74,8,0,0
BRDA:74,8,1,0
BRDA:85,9,0,0
BRDA:85,9,1,0
BRDA:88,10,0,0
BRDA:88,10,1,0
BRDA:95,11,0,0
BRDA:95,11,1,0
BRDA:101,12,0,0
BRDA:103,13,0,0
BRDA:103,13,1,0
BRDA:103,14,0,0
BRDA:103,14,1,0
BRDA:103,14,2,0
BRDA:104,15,0,0
BRDA:104,15,1,0
BRDA:106,16,0,0
BRDA:106,16,1,0
BRDA:107,17,0,0
BRDA:107,17,1,0
BRDA:114,18,0,0
BRDA:116,19,0,0
BRDA:116,19,1,0
BRDA:124,20,0,0
BRDA:124,20,1,0
BRDA:128,21,0,0
BRDA:128,21,1,0
BRDA:135,22,0,0
BRDA:135,22,1,0
BRDA:140,23,0,0
BRDA:140,23,1,0
BRDA:145,24,0,0
BRDA:145,24,1,0
BRDA:155,25,0,0
BRDA:155,25,1,0
BRDA:163,26,0,0
BRDA:163,26,1,0
BRDA:163,27,0,0
BRDA:163,27,1,0
BRDA:167,28,0,0
BRDA:167,28,1,0
BRDA:178,29,0,0
BRDA:178,29,1,0
BRDA:196,30,0,0
BRDA:196,30,1,0
BRDA:212,31,0,0
BRDA:212,31,1,0
BRDA:213,32,0,0
BRDA:213,32,1,0
BRDA:213,33,0,0
BRDA:213,33,1,0
BRDA:225,34,0,0
BRDA:226,35,0,0
BRDA:226,35,1,0
BRDA:226,36,0,0
BRDA:226,36,1,0
BRDA:230,37,0,0
BRDA:230,37,1,0
BRDA:234,38,0,0
BRDA:234,38,1,0
BRDA:247,39,0,0
BRDA:247,39,1,0
BRDA:255,40,0,0
BRDA:255,40,1,0
BRDA:263,41,0,0
BRDA:263,42,0,0
BRDA:264,43,0,0
BRDA:264,43,1,0
BRF:83
BRH:0
end_of_record
TN:
SF:utils\fraction-length.js
FN:4,fractionLength
FNF:1
FNH:0
FNDA:0,fractionLength
DA:5,0
DA:6,0
LF:2
LH:0
BRDA:6,0,0,0
BRDA:6,0,1,0
BRF:2
BRH:0
end_of_record
TN:
SF:utils\round-up.js
FN:5,roundUp
FNF:1
FNH:1
FNDA:12,roundUp
DA:6,12
DA:7,6
DA:9,6
LF:3
LH:3
BRDA:6,0,0,6
BRDA:6,0,1,6
BRDA:9,1,0,2
BRDA:9,1,1,4
BRF:4
BRH:4
end_of_record
